
[31m----------------------------------------------------
|                       INFO                       |
----------------------------------------------------[0m
  INFO  daphne.cli 2023-04-18 03:05:01,934 cli 48 140675997632320 Starting server at tcp:port=9000:interface=0.0.0.0


[31m----------------------------------------------------
|                       INFO                       |
----------------------------------------------------[0m
  INFO  daphne.server 2023-04-18 03:05:01,936 server 48 140675997632320 HTTP/2 support enabled


[31m----------------------------------------------------
|                       INFO                       |
----------------------------------------------------[0m
  INFO  daphne.server 2023-04-18 03:05:01,937 server 48 140675997632320 Configuring endpoint tcp:port=9000:interface=0.0.0.0


[31m----------------------------------------------------
|                       INFO                       |
----------------------------------------------------[0m
  INFO  daphne.server 2023-04-18 03:05:01,939 server 48 140675997632320 Listening on TCP address 0.0.0.0:9000


[31m----------------------------------------------------
[31m|                       INFO                       |
[31m----------------------------------------------------[0m
  INFO  daphne.cli 2023-04-18 03:07:18,187 cli 48 140126027265856 Starting server at tcp:port=9000:interface=0.0.0.0


[31m----------------------------------------------------
[31m|                       INFO                       |
[31m----------------------------------------------------[0m
  INFO  daphne.server 2023-04-18 03:07:18,189 server 48 140126027265856 HTTP/2 support enabled


[31m----------------------------------------------------
[31m|                       INFO                       |
[31m----------------------------------------------------[0m
  INFO  daphne.server 2023-04-18 03:07:18,190 server 48 140126027265856 Configuring endpoint tcp:port=9000:interface=0.0.0.0


[31m----------------------------------------------------
[31m|                       INFO                       |
[31m----------------------------------------------------[0m
  INFO  daphne.server 2023-04-18 03:07:18,192 server 48 140126027265856 Listening on TCP address 0.0.0.0:9000


[31m----------------------------------------------------
[31m|                       INFO                       2023-04-18 03:10:14,298|
[31m----------------------------------------------------[0m
daphne.cli 2023-04-18 03:10:14,298 cli 48 140112743663424 Starting server at tcp:port=9000:interface=0.0.0.0


[31m----------------------------------------------------
[31m|                       INFO                       2023-04-18 03:10:14,300|
[31m----------------------------------------------------[0m
daphne.server 2023-04-18 03:10:14,300 server 48 140112743663424 HTTP/2 support enabled


[31m----------------------------------------------------
[31m|                       INFO                       2023-04-18 03:10:14,301|
[31m----------------------------------------------------[0m
daphne.server 2023-04-18 03:10:14,301 server 48 140112743663424 Configuring endpoint tcp:port=9000:interface=0.0.0.0


[31m----------------------------------------------------
[31m|                       INFO                       2023-04-18 03:10:14,302|
[31m----------------------------------------------------[0m
daphne.server 2023-04-18 03:10:14,302 server 48 140112743663424 Listening on TCP address 0.0.0.0:9000


[31m----------------------------------------------------
[31m|          INFO           s2023-04-18 03:11:01,578s|
[31m----------------------------------------------------[0m
daphne.cli 2023-04-18 03:11:01,578 cli 48 140351554365248 Starting server at tcp:port=9000:interface=0.0.0.0


[31m----------------------------------------------------
[31m|          INFO           s2023-04-18 03:11:01,580s|
[31m----------------------------------------------------[0m
daphne.server 2023-04-18 03:11:01,580 server 48 140351554365248 HTTP/2 support enabled


[31m----------------------------------------------------
[31m|          INFO           s2023-04-18 03:11:01,581s|
[31m----------------------------------------------------[0m
daphne.server 2023-04-18 03:11:01,581 server 48 140351554365248 Configuring endpoint tcp:port=9000:interface=0.0.0.0


[31m----------------------------------------------------
[31m|          INFO           s2023-04-18 03:11:01,582s|
[31m----------------------------------------------------[0m
daphne.server 2023-04-18 03:11:01,582 server 48 140351554365248 Listening on TCP address 0.0.0.0:9000


[31m----------------------------------------------------
[31m|                       INFO                       |
[31m----------------------------------------------------[0m
daphne.cli 2023-04-18 03:26:01,393 cli 48 140176971274048 Starting server at tcp:port=9000:interface=0.0.0.0


[31m----------------------------------------------------
[31m|                       INFO                       |
[31m----------------------------------------------------[0m
daphne.server 2023-04-18 03:26:01,394 server 48 140176971274048 HTTP/2 support enabled


[31m----------------------------------------------------
[31m|                       INFO                       |
[31m----------------------------------------------------[0m
daphne.server 2023-04-18 03:26:01,395 server 48 140176971274048 Configuring endpoint tcp:port=9000:interface=0.0.0.0


[31m----------------------------------------------------
[31m|                       INFO                       |
[31m----------------------------------------------------[0m
daphne.server 2023-04-18 03:26:01,397 server 48 140176971274048 Listening on TCP address 0.0.0.0:9000


[31m----------------------------------------------------
[31m|                       INFO                       |
[31m----------------------------------------------------[0m
INFO 2023-04-18 03:27:03,088 daphne.cli MainThread 139715980691264 cli cli.py 262 daphne.cli run 48 Starting server at tcp:port=9000:interface=0.0.0.0


[31m----------------------------------------------------
[31m|                       INFO                       |
[31m----------------------------------------------------[0m
INFO 2023-04-18 03:27:03,090 daphne.server MainThread 139715980691264 server server.py 117 daphne.server run 48 HTTP/2 support enabled


[31m----------------------------------------------------
[31m|                       INFO                       |
[31m----------------------------------------------------[0m
INFO 2023-04-18 03:27:03,090 daphne.server MainThread 139715980691264 server server.py 128 daphne.server run 48 Configuring endpoint tcp:port=9000:interface=0.0.0.0


[31m----------------------------------------------------
[31m|                       INFO                       |
[31m----------------------------------------------------[0m
INFO 2023-04-18 03:27:03,092 daphne.server MainThread 139715980691264 server server.py 159 daphne.server listen_success 48 Listening on TCP address 0.0.0.0:9000


[31m----------------------------------------------------
[31m|                       INFO                       |
[31m----------------------------------------------------[0m
INFO 2023-04-18 03:42:34,130 daphne.cli cli cli.py 262 daphne.cli run 48 Starting server at tcp:port=9000:interface=0.0.0.0


[31m----------------------------------------------------
[31m|                       INFO                       |
[31m----------------------------------------------------[0m
INFO 2023-04-18 03:42:34,132 daphne.server server server.py 117 daphne.server run 48 HTTP/2 support enabled


[31m----------------------------------------------------
[31m|                       INFO                       |
[31m----------------------------------------------------[0m
INFO 2023-04-18 03:42:34,133 daphne.server server server.py 128 daphne.server run 48 Configuring endpoint tcp:port=9000:interface=0.0.0.0


[31m----------------------------------------------------
[31m|                       INFO                       |
[31m----------------------------------------------------[0m
INFO 2023-04-18 03:42:34,134 daphne.server server server.py 159 daphne.server listen_success 48 Listening on TCP address 0.0.0.0:9000


[31m----------------------------------------------------
|                       INFO                       |
[31m----------------------------------------------------[0m
INFO 2023-04-18 03:43:45,690 daphne.cli cli cli.py 262 daphne.cli run 48 Starting server at tcp:port=9000:interface=0.0.0.0


[31m----------------------------------------------------
|                       INFO                       |
[31m----------------------------------------------------[0m
INFO 2023-04-18 03:43:45,691 daphne.server server server.py 117 daphne.server run 48 HTTP/2 support enabled


[31m----------------------------------------------------
|                       INFO                       |
[31m----------------------------------------------------[0m
INFO 2023-04-18 03:43:45,692 daphne.server server server.py 128 daphne.server run 48 Configuring endpoint tcp:port=9000:interface=0.0.0.0


[31m----------------------------------------------------
|                       INFO                       |
[31m----------------------------------------------------[0m
INFO 2023-04-18 03:43:45,693 daphne.server server server.py 159 daphne.server listen_success 48 Listening on TCP address 0.0.0.0:9000


[31m----------------------------------------------------
|                       INFO                       |
[31m----------------------------------------------------[0m
INFO 2023-04-18 03:46:34,395 daphne.cli cli cli.py 262 daphne.cli run 48 Starting server at tcp:port=9000:interface=0.0.0.0


[31m----------------------------------------------------
|                       INFO                       |
[31m----------------------------------------------------[0m
INFO 2023-04-18 03:46:34,397 daphne.server server server.py 117 daphne.server run 48 HTTP/2 support enabled


[31m----------------------------------------------------
|                       INFO                       |
[31m----------------------------------------------------[0m
INFO 2023-04-18 03:46:34,397 daphne.server server server.py 128 daphne.server run 48 Configuring endpoint tcp:port=9000:interface=0.0.0.0


[31m----------------------------------------------------
|                       INFO                       |
[31m----------------------------------------------------[0m
INFO 2023-04-18 03:46:34,399 daphne.server server server.py 159 daphne.server listen_success 48 Listening on TCP address 0.0.0.0:9000


[31m----------------------------------------------------
[31m |                       INFO                       |
[31m----------------------------------------------------[0m
[36mINFO[0m 2023-04-18 03:48:33,990 daphne.cli cli cli.py 262 daphne.cli run 48 Starting server at tcp:port=9000:interface=0.0.0.0


[31m----------------------------------------------------
[31m |                       INFO                       |
[31m----------------------------------------------------[0m
[36mINFO[0m 2023-04-18 03:48:33,991 daphne.server server server.py 117 daphne.server run 48 HTTP/2 support enabled


[31m----------------------------------------------------
[31m |                       INFO                       |
[31m----------------------------------------------------[0m
[36mINFO[0m 2023-04-18 03:48:33,992 daphne.server server server.py 128 daphne.server run 48 Configuring endpoint tcp:port=9000:interface=0.0.0.0


[31m----------------------------------------------------
[31m |                       INFO                       |
[31m----------------------------------------------------[0m
[36mINFO[0m 2023-04-18 03:48:33,994 daphne.server server server.py 159 daphne.server listen_success 48 Listening on TCP address 0.0.0.0:9000


----------------------------------------------------
|                  [32mINFO[0m                   |
----------------------------------------------------
[32mINFO[0m%(levelname)s %(asctime)s %(name)s %(module)s %(filename)s %(lineno)d %(name)s %(funcName)s %(process)d %(message)s


----------------------------------------------------
|                  [32mINFO[0m                   |
----------------------------------------------------
[32mINFO[0m%(levelname)s %(asctime)s %(name)s %(module)s %(filename)s %(lineno)d %(name)s %(funcName)s %(process)d %(message)s


----------------------------------------------------
|                  [32mINFO[0m                   |
----------------------------------------------------
[32mINFO[0m%(levelname)s %(asctime)s %(name)s %(module)s %(filename)s %(lineno)d %(name)s %(funcName)s %(process)d %(message)s


----------------------------------------------------
|                  [32mINFO[0m                   |
----------------------------------------------------
[32mINFO[0m%(levelname)s %(asctime)s %(name)s %(module)s %(filename)s %(lineno)d %(name)s %(funcName)s %(process)d %(message)s


----------------------------------------------------
|                  [32mINFO[0m                   |
----------------------------------------------------
[32mINFO[0m{levelname} {asctime} {name} {module} {filename} {lineno} {name} {funcName} {process} {message}


----------------------------------------------------
|                  [32mINFO[0m                   |
----------------------------------------------------
[32mINFO[0m{levelname} {asctime} {name} {module} {filename} {lineno} {name} {funcName} {process} {message}


----------------------------------------------------
|                  [32mINFO[0m                   |
----------------------------------------------------
[32mINFO[0m{levelname} {asctime} {name} {module} {filename} {lineno} {name} {funcName} {process} {message}


----------------------------------------------------
|                  [32mINFO[0m                   |
----------------------------------------------------
[32mINFO[0m{levelname} {asctime} {name} {module} {filename} {lineno} {name} {funcName} {process} {message}


----------------------------------------------------
|                       [32mINFO[0m                        |
----------------------------------------------------
[32mINFO[0mINFO 2023-04-18 04:09:16,527 daphne.cli cli cli.py 262 daphne.cli run 48 Starting server at tcp:port=9000:interface=0.0.0.0


----------------------------------------------------
|                       [32mINFO[0m                        |
----------------------------------------------------
[32mINFO[0mINFO 2023-04-18 04:09:16,528 daphne.server server server.py 117 daphne.server run 48 HTTP/2 support enabled


----------------------------------------------------
|                       [32mINFO[0m                        |
----------------------------------------------------
[32mINFO[0mINFO 2023-04-18 04:09:16,529 daphne.server server server.py 128 daphne.server run 48 Configuring endpoint tcp:port=9000:interface=0.0.0.0


----------------------------------------------------
|                       [32mINFO[0m                        |
----------------------------------------------------
[32mINFO[0mINFO 2023-04-18 04:09:16,531 daphne.server server server.py 159 daphne.server listen_success 48 Listening on TCP address 0.0.0.0:9000


[31m----------------------------------------------------
[31m|[0m                        [32mINFO[0m                        |
[31m----------------------------------------------------[0m
[32mINFO[0m 2023-04-18 04:25:02,656 daphne.cli cli cli.py 262 run 48 Starting server at tcp:port=9000:interface=0.0.0.0


[31m----------------------------------------------------
[31m|[0m                        [32mINFO[0m                        |
[31m----------------------------------------------------[0m
[32mINFO[0m 2023-04-18 04:25:02,658 daphne.server server server.py 117 run 48 HTTP/2 support enabled


[31m----------------------------------------------------
[31m|[0m                        [32mINFO[0m                        |
[31m----------------------------------------------------[0m
[32mINFO[0m 2023-04-18 04:25:02,658 daphne.server server server.py 128 run 48 Configuring endpoint tcp:port=9000:interface=0.0.0.0


[31m----------------------------------------------------
[31m|[0m                        [32mINFO[0m                        |
[31m----------------------------------------------------[0m
[32mINFO[0m 2023-04-18 04:25:02,660 daphne.server server server.py 159 listen_success 48 Listening on TCP address 0.0.0.0:9000


[31m----------------------------------------------------
[31m|[0m                       [32mINFO[0m                        [31m|[0m
[31m----------------------------------------------------[0m
[32mINFO[0m 2023-04-18 04:26:08,823 daphne.cli cli cli.py 262 run 48 Starting server at tcp:port=9000:interface=0.0.0.0


[31m----------------------------------------------------
[31m|[0m                       [32mINFO[0m                        [31m|[0m
[31m----------------------------------------------------[0m
[32mINFO[0m 2023-04-18 04:26:08,825 daphne.server server server.py 117 run 48 HTTP/2 support enabled


[31m----------------------------------------------------
[31m|[0m                       [32mINFO[0m                        [31m|[0m
[31m----------------------------------------------------[0m
[32mINFO[0m 2023-04-18 04:26:08,825 daphne.server server server.py 128 run 48 Configuring endpoint tcp:port=9000:interface=0.0.0.0


[31m----------------------------------------------------
[31m|[0m                       [32mINFO[0m                        [31m|[0m
[31m----------------------------------------------------[0m
[32mINFO[0m 2023-04-18 04:26:08,827 daphne.server server server.py 159 listen_success 48 Listening on TCP address 0.0.0.0:9000


[31m-----------------------------------------------------
[31m|[0m                       [32mINFO[0m                        [31m|[0m
[31m-----------------------------------------------------[0m
[32mINFO[0m 2023-04-18 04:26:53,389 daphne.cli cli cli.py 262 run 48 Starting server at tcp:port=9000:interface=0.0.0.0


[31m-----------------------------------------------------
[31m|[0m                       [32mINFO[0m                        [31m|[0m
[31m-----------------------------------------------------[0m
[32mINFO[0m 2023-04-18 04:26:53,390 daphne.server server server.py 117 run 48 HTTP/2 support enabled


[31m-----------------------------------------------------
[31m|[0m                       [32mINFO[0m                        [31m|[0m
[31m-----------------------------------------------------[0m
[32mINFO[0m 2023-04-18 04:26:53,391 daphne.server server server.py 128 run 48 Configuring endpoint tcp:port=9000:interface=0.0.0.0


[31m-----------------------------------------------------
[31m|[0m                       [32mINFO[0m                        [31m|[0m
[31m-----------------------------------------------------[0m
[32mINFO[0m 2023-04-18 04:26:53,393 daphne.server server server.py 159 listen_success 48 Listening on TCP address 0.0.0.0:9000


[31m-----------------------------------------------------
[31m|[0m                       [32mINFO[0m                        [31m|[0m
[31m-----------------------------------------------------[0m
[32mINFO[0m 2023-04-18 04:30:34,488 daphne.cli cli cli.py 262 run 48 Starting server at tcp:port=9000:interface=0.0.0.0


[31m-----------------------------------------------------
[31m|[0m                       [32mINFO[0m                        [31m|[0m
[31m-----------------------------------------------------[0m
[32mINFO[0m 2023-04-18 04:30:34,489 daphne.server server server.py 117 run 48 HTTP/2 support enabled


[31m-----------------------------------------------------
[31m|[0m                       [32mINFO[0m                        [31m|[0m
[31m-----------------------------------------------------[0m
[32mINFO[0m 2023-04-18 04:30:34,490 daphne.server server server.py 128 run 48 Configuring endpoint tcp:port=9000:interface=0.0.0.0


[31m-----------------------------------------------------
[31m|[0m                       [32mINFO[0m                        [31m|[0m
[31m-----------------------------------------------------[0m
[32mINFO[0m 2023-04-18 04:30:34,492 daphne.server server server.py 159 listen_success 48 Listening on TCP address 0.0.0.0:9000


[31m-----------------------------------------------------
[31m|[0m                       [32mINFO[0m                        [31m|[0m
[31m-----------------------------------------------------[0m
[32mINFO[0m 2023-04-18 04:32:44,910 daphne.cli cli cli.py 262 run 48 Starting server at tcp:port=9000:interface=0.0.0.0


[31m-----------------------------------------------------
[31m|[0m                       [32mINFO[0m                        [31m|[0m
[31m-----------------------------------------------------[0m
[32mINFO[0m 2023-04-18 04:32:44,912 daphne.server server server.py 117 run 48 HTTP/2 support enabled


[31m-----------------------------------------------------
[31m|[0m                       [32mINFO[0m                        [31m|[0m
[31m-----------------------------------------------------[0m
[32mINFO[0m 2023-04-18 04:32:44,913 daphne.server server server.py 128 run 48 Configuring endpoint tcp:port=9000:interface=0.0.0.0


[31m-----------------------------------------------------
[31m|[0m                       [32mINFO[0m                        [31m|[0m
[31m-----------------------------------------------------[0m
[32mINFO[0m 2023-04-18 04:32:44,914 daphne.server server server.py 159 listen_success 48 Listening on TCP address 0.0.0.0:9000


[31m-----------------------------------------------------
[31m|[0m                       [32mINFO[0m                        [31m|[0m
[31m-----------------------------------------------------[0m
[32mINFO[0m 2023-04-18 04:36:22,082 daphne.cli cli cli.py 262 run 48 Starting server at tcp:port=9000:interface=0.0.0.0


[31m-----------------------------------------------------
[31m|[0m                       [32mINFO[0m                        [31m|[0m
[31m-----------------------------------------------------[0m
[32mINFO[0m 2023-04-18 04:36:22,083 daphne.server server server.py 117 run 48 HTTP/2 support enabled


[31m-----------------------------------------------------
[31m|[0m                       [32mINFO[0m                        [31m|[0m
[31m-----------------------------------------------------[0m
[32mINFO[0m 2023-04-18 04:36:22,084 daphne.server server server.py 128 run 48 Configuring endpoint tcp:port=9000:interface=0.0.0.0


[31m-----------------------------------------------------
[31m|[0m                       [32mINFO[0m                        [31m|[0m
[31m-----------------------------------------------------[0m
[32mINFO[0m 2023-04-18 04:36:22,086 daphne.server server server.py 159 listen_success 48 Listening on TCP address 0.0.0.0:9000


[31m-----------------------------------------------------
[31m|[0m                       [32mINFO[0m                        [31m|[0m
[31m-----------------------------------------------------[0m
[32mINFO[0m | 2023-04-18 04:39:37,949 | [33mdaphne.cli[0m cli cli.py 262 run 48 Starting server at tcp:port=9000:interface=0.0.0.0


[31m-----------------------------------------------------
[31m|[0m                       [32mINFO[0m                        [31m|[0m
[31m-----------------------------------------------------[0m
[32mINFO[0m | 2023-04-18 04:39:37,950 | [33mdaphne.server[0m server server.py 117 run 48 HTTP/2 support enabled


[31m-----------------------------------------------------
[31m|[0m                       [32mINFO[0m                        [31m|[0m
[31m-----------------------------------------------------[0m
[32mINFO[0m | 2023-04-18 04:39:37,951 | [33mdaphne.server[0m server server.py 128 run 48 Configuring endpoint tcp:port=9000:interface=0.0.0.0


[31m-----------------------------------------------------
[31m|[0m                       [32mINFO[0m                        [31m|[0m
[31m-----------------------------------------------------[0m
[32mINFO[0m | 2023-04-18 04:39:37,953 | [33mdaphne.server[0m server server.py 159 listen_success 48 Listening on TCP address 0.0.0.0:9000


[31m-----------------------------------------------------
[31m|[0m                       [32mINFO[0m                        [31m|[0m
[31m-----------------------------------------------------[0m
[32mINFO[0m : 2023-04-18 04:41:07,601 [33mdaphne.cli[0m cli cli.py 262 run 48 Starting server at tcp:port=9000:interface=0.0.0.0


[31m-----------------------------------------------------
[31m|[0m                       [32mINFO[0m                        [31m|[0m
[31m-----------------------------------------------------[0m
[32mINFO[0m : 2023-04-18 04:41:07,603 [33mdaphne.server[0m server server.py 117 run 48 HTTP/2 support enabled


[31m-----------------------------------------------------
[31m|[0m                       [32mINFO[0m                        [31m|[0m
[31m-----------------------------------------------------[0m
[32mINFO[0m : 2023-04-18 04:41:07,603 [33mdaphne.server[0m server server.py 128 run 48 Configuring endpoint tcp:port=9000:interface=0.0.0.0


[31m-----------------------------------------------------
[31m|[0m                       [32mINFO[0m                        [31m|[0m
[31m-----------------------------------------------------[0m
[32mINFO[0m : 2023-04-18 04:41:07,605 [33mdaphne.server[0m server server.py 159 listen_success 48 Listening on TCP address 0.0.0.0:9000


[31m-----------------------------------------------------
[31m|[0m                       [32mINFO[0m                        [31m|[0m
[31m-----------------------------------------------------[0m
[32mINFO[0m : 2023-04-18 04:44:00,018 daphne.cli cli cli.py 262 run 48 [33mStarting server at tcp:port=9000:interface=0.0.0.0[0m


[31m-----------------------------------------------------
[31m|[0m                       [32mINFO[0m                        [31m|[0m
[31m-----------------------------------------------------[0m
[32mINFO[0m : 2023-04-18 04:44:00,020 daphne.server server server.py 117 run 48 [33mHTTP/2 support enabled[0m


[31m-----------------------------------------------------
[31m|[0m                       [32mINFO[0m                        [31m|[0m
[31m-----------------------------------------------------[0m
[32mINFO[0m : 2023-04-18 04:44:00,021 daphne.server server server.py 128 run 48 [33mConfiguring endpoint tcp:port=9000:interface=0.0.0.0[0m


[31m-----------------------------------------------------
[31m|[0m                       [32mINFO[0m                        [31m|[0m
[31m-----------------------------------------------------[0m
[32mINFO[0m : 2023-04-18 04:44:00,023 daphne.server server server.py 159 listen_success 48 [33mListening on TCP address 0.0.0.0:9000[0m


[31m-----------------------------------------------------
[31m|[0m                       [32mINFO[0m                        [31m|[0m
[31m-----------------------------------------------------[0m
[32mINFO[0m : 2023-04-18 04:45:40,001 daphne.cli cli cli.py 262 run 48 [33mStarting server at tcp:port=9000:interface=0.0.0.0[0m


[31m-----------------------------------------------------
[31m|[0m                       [32mINFO[0m                        [31m|[0m
[31m-----------------------------------------------------[0m
[32mINFO[0m : 2023-04-18 04:45:40,002 daphne.server server server.py 117 run 48 [33mHTTP/2 support enabled[0m


[31m-----------------------------------------------------
[31m|[0m                       [32mINFO[0m                        [31m|[0m
[31m-----------------------------------------------------[0m
[32mINFO[0m : 2023-04-18 04:45:40,003 daphne.server server server.py 128 run 48 [33mConfiguring endpoint tcp:port=9000:interface=0.0.0.0[0m


[31m-----------------------------------------------------
[31m|[0m                       [32mINFO[0m                        [31m|[0m
[31m-----------------------------------------------------[0m
[32mINFO[0m : 2023-04-18 04:45:40,005 daphne.server server server.py 159 listen_success 48 [33mListening on TCP address 0.0.0.0:9000[0m


[31m+---------------------------------------------------+
[31m|[0m        [32mINFO[0m         :Starting server at tcp:port=9000:interface=0.0.0.0[31m|[0m
[31m+---------------------------------------------------+[0m
[32mINFO[0m : 2023-04-18 04:47:41,846 daphne.cli cli cli.py 262 run 48 [33mStarting server at tcp:port=9000:interface=0.0.0.0[0m


[31m+---------------------------------------------------+
[31m|[0m        [32mINFO[0m         :    HTTP/2 support enabled    [31m|[0m
[31m+---------------------------------------------------+[0m
[32mINFO[0m : 2023-04-18 04:47:41,847 daphne.server server server.py 117 run 48 [33mHTTP/2 support enabled[0m


[31m+---------------------------------------------------+
[31m|[0m        [32mINFO[0m         :Configuring endpoint tcp:port=9000:interface=0.0.0.0[31m|[0m
[31m+---------------------------------------------------+[0m
[32mINFO[0m : 2023-04-18 04:47:41,848 daphne.server server server.py 128 run 48 [33mConfiguring endpoint tcp:port=9000:interface=0.0.0.0[0m


[31m+---------------------------------------------------+
[31m|[0m        [32mINFO[0m         :Listening on TCP address 0.0.0.0:9000[31m|[0m
[31m+---------------------------------------------------+[0m
[32mINFO[0m : 2023-04-18 04:47:41,850 daphne.server server server.py 159 listen_success 48 [33mListening on TCP address 0.0.0.0:9000[0m


[31m+------------------------------------------------------------------------+
[31m|[0m                  [32mINFO[0m                   Starting server at tcp:port=9000:interface=0.0.0.0[31m|[0m
[31m+------------------------------------------------------------------------+[0m
[32mINFO[0m : daphne.cli cli cli.py 262 run 48 [33mStarting server at tcp:port=9000:interface=0.0.0.0[0m


[31m+------------------------------------------------------------------------+
[31m|[0m                  [32mINFO[0m                                 HTTP/2 support enabled              [31m|[0m
[31m+------------------------------------------------------------------------+[0m
[32mINFO[0m : daphne.server server server.py 117 run 48 [33mHTTP/2 support enabled[0m


[31m+------------------------------------------------------------------------+
[31m|[0m                  [32mINFO[0m                   Configuring endpoint tcp:port=9000:interface=0.0.0.0[31m|[0m
[31m+------------------------------------------------------------------------+[0m
[32mINFO[0m : daphne.server server server.py 128 run 48 [33mConfiguring endpoint tcp:port=9000:interface=0.0.0.0[0m


[31m+------------------------------------------------------------------------+
[31m|[0m                  [32mINFO[0m                         Listening on TCP address 0.0.0.0:9000       [31m|[0m
[31m+------------------------------------------------------------------------+[0m
[32mINFO[0m : daphne.server server server.py 159 listen_success 48 [33mListening on TCP address 0.0.0.0:9000[0m


[31m+------------------------------------------------------------------------+
[31m|[0m        [32mINFO[0m         Starting server at tcp:port=9000:interface=0.0.0.0[31m|[0m
[31m+------------------------------------------------------------------------+[0m
[32mINFO[0m : daphne.cli cli cli.py 262 run 48 [33mStarting server at tcp:port=9000:interface=0.0.0.0[0m


[31m+------------------------------------------------------------------------+
[31m|[0m        [32mINFO[0m             HTTP/2 support enabled    [31m|[0m
[31m+------------------------------------------------------------------------+[0m
[32mINFO[0m : daphne.server server server.py 117 run 48 [33mHTTP/2 support enabled[0m


[31m+------------------------------------------------------------------------+
[31m|[0m        [32mINFO[0m         Configuring endpoint tcp:port=9000:interface=0.0.0.0[31m|[0m
[31m+------------------------------------------------------------------------+[0m
[32mINFO[0m : daphne.server server server.py 128 run 48 [33mConfiguring endpoint tcp:port=9000:interface=0.0.0.0[0m


[31m+------------------------------------------------------------------------+
[31m|[0m        [32mINFO[0m         Listening on TCP address 0.0.0.0:9000[31m|[0m
[31m+------------------------------------------------------------------------+[0m
[32mINFO[0m : daphne.server server server.py 159 listen_success 48 [33mListening on TCP address 0.0.0.0:9000[0m


[31m+------------------------------------------------------------------------+
[31m|[0m             [32mINFO[0m              Starting server at tcp:port=9000:interface=0.0.0.0[31m|[0m
[31m+------------------------------------------------------------------------+[0m
[32mINFO[0m : daphne.cli cli cli.py 262 run 48 [33mStarting server at tcp:port=9000:interface=0.0.0.0[0m


[31m+------------------------------------------------------------------------+
[31m|[0m             [32mINFO[0m                       HTTP/2 support enabled         [31m|[0m
[31m+------------------------------------------------------------------------+[0m
[32mINFO[0m : daphne.server server server.py 117 run 48 [33mHTTP/2 support enabled[0m


[31m+------------------------------------------------------------------------+
[31m|[0m             [32mINFO[0m              Configuring endpoint tcp:port=9000:interface=0.0.0.0[31m|[0m
[31m+------------------------------------------------------------------------+[0m
[32mINFO[0m : daphne.server server server.py 128 run 48 [33mConfiguring endpoint tcp:port=9000:interface=0.0.0.0[0m


[31m+------------------------------------------------------------------------+
[31m|[0m             [32mINFO[0m               Listening on TCP address 0.0.0.0:9000  [31m|[0m
[31m+------------------------------------------------------------------------+[0m
[32mINFO[0m : daphne.server server server.py 159 listen_success 48 [33mListening on TCP address 0.0.0.0:9000[0m


[31m+------------------------------------------------------------------------+
[31m|[0m[32mINFO[0mStarting server at tcp:port=9000:interface=0.0.0.0[31m|[0m
[31m+------------------------------------------------------------------------+[0m
[32mINFO[0m : daphne.cli cli cli.py 262 run 48 [33mStarting server at tcp:port=9000:interface=0.0.0.0[0m


[31m+------------------------------------------------------------------------+
[31m|[0m[32mINFO[0m         HTTP/2 support enabled         [31m|[0m
[31m+------------------------------------------------------------------------+[0m
[32mINFO[0m : daphne.server server server.py 117 run 48 [33mHTTP/2 support enabled[0m


[31m+------------------------------------------------------------------------+
[31m|[0m[32mINFO[0mConfiguring endpoint tcp:port=9000:interface=0.0.0.0[31m|[0m
[31m+------------------------------------------------------------------------+[0m
[32mINFO[0m : daphne.server server server.py 128 run 48 [33mConfiguring endpoint tcp:port=9000:interface=0.0.0.0[0m


[31m+------------------------------------------------------------------------+
[31m|[0m[32mINFO[0m Listening on TCP address 0.0.0.0:9000  [31m|[0m
[31m+------------------------------------------------------------------------+[0m
[32mINFO[0m : daphne.server server server.py 159 listen_success 48 [33mListening on TCP address 0.0.0.0:9000[0m


[31m+------------------------------------------------------------------------+
[31m|[0m[32mINFO[0m: Starting server at tcp:port=9000:interface=0.0.0.0[31m|[0m
[31m+------------------------------------------------------------------------+[0m
[32mINFO[0m : daphne.cli cli cli.py 262 run 48 [33mStarting server at tcp:port=9000:interface=0.0.0.0[0m


[31m+------------------------------------------------------------------------+
[31m|[0m[32mINFO[0m:               HTTP/2 support enabled              [31m|[0m
[31m+------------------------------------------------------------------------+[0m
[32mINFO[0m : daphne.server server server.py 117 run 48 [33mHTTP/2 support enabled[0m


[31m+------------------------------------------------------------------------+
[31m|[0m[32mINFO[0m: Configuring endpoint tcp:port=9000:interface=0.0.0.0[31m|[0m
[31m+------------------------------------------------------------------------+[0m
[32mINFO[0m : daphne.server server server.py 128 run 48 [33mConfiguring endpoint tcp:port=9000:interface=0.0.0.0[0m


[31m+------------------------------------------------------------------------+
[31m|[0m[32mINFO[0m:       Listening on TCP address 0.0.0.0:9000       [31m|[0m
[31m+------------------------------------------------------------------------+[0m
[32mINFO[0m : daphne.server server server.py 159 listen_success 48 [33mListening on TCP address 0.0.0.0:9000[0m


[31m+------------------------------------------------------------------------+
[31m|[0m[32mINFO[0m :                          Starting server at tcp:port=9000:interface=0.0.0.0                         [31m|[0m
[31m+------------------------------------------------------------------------+[0m
[32mINFO[0m : daphne.cli cli cli.py 262 run 48 [33mStarting server at tcp:port=9000:interface=0.0.0.0[0m


[31m+------------------------------------------------------------------------+
[31m|[0m[32mINFO[0m :                                        HTTP/2 support enabled                                       [31m|[0m
[31m+------------------------------------------------------------------------+[0m
[32mINFO[0m : daphne.server server server.py 117 run 48 [33mHTTP/2 support enabled[0m


[31m+------------------------------------------------------------------------+
[31m|[0m[32mINFO[0m :                         Configuring endpoint tcp:port=9000:interface=0.0.0.0                        [31m|[0m
[31m+------------------------------------------------------------------------+[0m
[32mINFO[0m : daphne.server server server.py 128 run 48 [33mConfiguring endpoint tcp:port=9000:interface=0.0.0.0[0m


[31m+------------------------------------------------------------------------+
[31m|[0m[32mINFO[0m :                                Listening on TCP address 0.0.0.0:9000                                [31m|[0m
[31m+------------------------------------------------------------------------+[0m
[32mINFO[0m : daphne.server server server.py 159 listen_success 48 [33mListening on TCP address 0.0.0.0:9000[0m


[31m+------------------------------------------------------------------------+
[31m|[0m[32mINFO[0m :                     Starting server at tcp:port=9000:interface=0.0.0.0                    [31m|[0m
[31m+------------------------------------------------------------------------+[0m
[32mINFO[0m : daphne.cli cli cli.py 262 run 48 [33mStarting server at tcp:port=9000:interface=0.0.0.0[0m


[31m+------------------------------------------------------------------------+
[31m|[0m[32mINFO[0m :                                   HTTP/2 support enabled                                  [31m|[0m
[31m+------------------------------------------------------------------------+[0m
[32mINFO[0m : daphne.server server server.py 117 run 48 [33mHTTP/2 support enabled[0m


[31m+------------------------------------------------------------------------+
[31m|[0m[32mINFO[0m :                    Configuring endpoint tcp:port=9000:interface=0.0.0.0                   [31m|[0m
[31m+------------------------------------------------------------------------+[0m
[32mINFO[0m : daphne.server server server.py 128 run 48 [33mConfiguring endpoint tcp:port=9000:interface=0.0.0.0[0m


[31m+------------------------------------------------------------------------+
[31m|[0m[32mINFO[0m :                           Listening on TCP address 0.0.0.0:9000                           [31m|[0m
[31m+------------------------------------------------------------------------+[0m
[32mINFO[0m : daphne.server server server.py 159 listen_success 48 [33mListening on TCP address 0.0.0.0:9000[0m


[31m+------------------------------------------------------------------------+
[31m|[0m[32mINFO[0m :                          Starting server at tcp:port=9000:interface=0.0.0.0                         [31m|[0m
[31m+------------------------------------------------------------------------+[0m
[32mINFO[0m : daphne.cli cli cli.py 262 run 48 [33mStarting server at tcp:port=9000:interface=0.0.0.0[0m


[31m+------------------------------------------------------------------------+
[31m|[0m[32mINFO[0m :                                        HTTP/2 support enabled                                       [31m|[0m
[31m+------------------------------------------------------------------------+[0m
[32mINFO[0m : daphne.server server server.py 117 run 48 [33mHTTP/2 support enabled[0m


[31m+------------------------------------------------------------------------+
[31m|[0m[32mINFO[0m :                         Configuring endpoint tcp:port=9000:interface=0.0.0.0                        [31m|[0m
[31m+------------------------------------------------------------------------+[0m
[32mINFO[0m : daphne.server server server.py 128 run 48 [33mConfiguring endpoint tcp:port=9000:interface=0.0.0.0[0m


[31m+------------------------------------------------------------------------+
[31m|[0m[32mINFO[0m :                                Listening on TCP address 0.0.0.0:9000                                [31m|[0m
[31m+------------------------------------------------------------------------+[0m
[32mINFO[0m : daphne.server server server.py 159 listen_success 48 [33mListening on TCP address 0.0.0.0:9000[0m


[31m+----------------------------------------------------------------------------------------------+
[31m|[0m[32mINFO[0m :                          Starting server at tcp:port=9000:interface=0.0.0.0                         [31m|[0m
[31m+----------------------------------------------------------------------------------------------+[0m
[32mINFO[0m : daphne.cli cli cli.py 262 run 48 [33mStarting server at tcp:port=9000:interface=0.0.0.0[0m


[31m+----------------------------------------------------------------------------------------------+
[31m|[0m[32mINFO[0m :                                        HTTP/2 support enabled                                       [31m|[0m
[31m+----------------------------------------------------------------------------------------------+[0m
[32mINFO[0m : daphne.server server server.py 117 run 48 [33mHTTP/2 support enabled[0m


[31m+----------------------------------------------------------------------------------------------+
[31m|[0m[32mINFO[0m :                         Configuring endpoint tcp:port=9000:interface=0.0.0.0                        [31m|[0m
[31m+----------------------------------------------------------------------------------------------+[0m
[32mINFO[0m : daphne.server server server.py 128 run 48 [33mConfiguring endpoint tcp:port=9000:interface=0.0.0.0[0m


[31m+----------------------------------------------------------------------------------------------+
[31m|[0m[32mINFO[0m :                                Listening on TCP address 0.0.0.0:9000                                [31m|[0m
[31m+----------------------------------------------------------------------------------------------+[0m
[32mINFO[0m : daphne.server server server.py 159 listen_success 48 [33mListening on TCP address 0.0.0.0:9000[0m


[31m+----------------------------------------------------------------------------------------------+
[31m|[0m[32mINFO[0m :                          Starting server at tcp:port=9000:interface=0.0.0.0                         [31m|[0m
[31m+----------------------------------------------------------------------------------------------+[0m
[32mINFO[0m : daphne.cli cli cli.py 262 run 48 [33mStarting server at tcp:port=9000:interface=0.0.0.0[0m


[31m+----------------------------------------------------------------------------------------------+
[31m|[0m[32mINFO[0m :                                        HTTP/2 support enabled                                       [31m|[0m
[31m+----------------------------------------------------------------------------------------------+[0m
[32mINFO[0m : daphne.server server server.py 117 run 48 [33mHTTP/2 support enabled[0m


[31m+----------------------------------------------------------------------------------------------+
[31m|[0m[32mINFO[0m :                         Configuring endpoint tcp:port=9000:interface=0.0.0.0                        [31m|[0m
[31m+----------------------------------------------------------------------------------------------+[0m
[32mINFO[0m : daphne.server server server.py 128 run 48 [33mConfiguring endpoint tcp:port=9000:interface=0.0.0.0[0m


[31m+----------------------------------------------------------------------------------------------+
[31m|[0m[32mINFO[0m :                                Listening on TCP address 0.0.0.0:9000                                [31m|[0m
[31m+----------------------------------------------------------------------------------------------+[0m
[32mINFO[0m : daphne.server server server.py 159 listen_success 48 [33mListening on TCP address 0.0.0.0:9000[0m


[31m+----------------------------------------------------------------------------------------------+
[31m|[0m[32mINFO[0m :                          Starting server at tcp:port=9000:interface=0.0.0.0                         [31m|[0m
[31m+----------------------------------------------------------------------------------------------+[0m
[32mINFO[0m : daphne.cli cli cli.py 262 run 1 [33mStarting server at tcp:port=9000:interface=0.0.0.0[0m


[31m+----------------------------------------------------------------------------------------------+
[31m|[0m[32mINFO[0m :                                        HTTP/2 support enabled                                       [31m|[0m
[31m+----------------------------------------------------------------------------------------------+[0m
[32mINFO[0m : daphne.server server server.py 117 run 1 [33mHTTP/2 support enabled[0m


[31m+----------------------------------------------------------------------------------------------+
[31m|[0m[32mINFO[0m :                         Configuring endpoint tcp:port=9000:interface=0.0.0.0                        [31m|[0m
[31m+----------------------------------------------------------------------------------------------+[0m
[32mINFO[0m : daphne.server server server.py 128 run 1 [33mConfiguring endpoint tcp:port=9000:interface=0.0.0.0[0m


[31m+----------------------------------------------------------------------------------------------+
[31m|[0m[32mINFO[0m :                                Listening on TCP address 0.0.0.0:9000                                [31m|[0m
[31m+----------------------------------------------------------------------------------------------+[0m
[32mINFO[0m : daphne.server server server.py 159 listen_success 1 [33mListening on TCP address 0.0.0.0:9000[0m


[31m+----------------------------------------------------------------------------------------------+
[31m|[0m[32mINFO[0m :                                Killed 0 pending application instances                               [31m|[0m
[31m+----------------------------------------------------------------------------------------------+[0m
[32mINFO[0m : daphne.server server server.py 321 kill_all_applications 1 [33mKilled 0 pending application instances[0m


[31m+-----------------------------------------------------------------------------------------------------------+
[31m|[0m[32mINFO[0m :                          Starting server at tcp:port=9000:interface=0.0.0.0                         [31m|[0m
[31m+-----------------------------------------------------------------------------------------------------------+[0m
[32mINFO[0m : daphne.cli cli cli.py 262 run 1 [33mStarting server at tcp:port=9000:interface=0.0.0.0[0m


[31m+-----------------------------------------------------------------------------------------------------------+
[31m|[0m[32mINFO[0m :                                        HTTP/2 support enabled                                       [31m|[0m
[31m+-----------------------------------------------------------------------------------------------------------+[0m
[32mINFO[0m : daphne.server server server.py 117 run 1 [33mHTTP/2 support enabled[0m


[31m+-----------------------------------------------------------------------------------------------------------+
[31m|[0m[32mINFO[0m :                         Configuring endpoint tcp:port=9000:interface=0.0.0.0                        [31m|[0m
[31m+-----------------------------------------------------------------------------------------------------------+[0m
[32mINFO[0m : daphne.server server server.py 128 run 1 [33mConfiguring endpoint tcp:port=9000:interface=0.0.0.0[0m


[31m+-----------------------------------------------------------------------------------------------------------+
[31m|[0m[32mINFO[0m :                                Listening on TCP address 0.0.0.0:9000                                [31m|[0m
[31m+-----------------------------------------------------------------------------------------------------------+[0m
[32mINFO[0m : daphne.server server server.py 159 listen_success 1 [33mListening on TCP address 0.0.0.0:9000[0m


[31m+-----------------------------------------------------------------------------------------------------------+
[31m|[0m[32mINFO[0m :                                Killed 0 pending application instances                               [31m|[0m
[31m+-----------------------------------------------------------------------------------------------------------+[0m
[32mINFO[0m : daphne.server server server.py 321 kill_all_applications 1 [33mKilled 0 pending application instances[0m


[31m+-----------------------------------------------------------------------------------------------------------+
[31m|[0m[32mINFO[0m :                          Starting server at tcp:port=9000:interface=0.0.0.0                         [31m|[0m
[31m+-----------------------------------------------------------------------------------------------------------+[0m
[32mINFO[0m : daphne.cli cli cli.py 262 run 1 [33mStarting server at tcp:port=9000:interface=0.0.0.0[0m


[31m+-----------------------------------------------------------------------------------------------------------+
[31m|[0m[32mINFO[0m :                                        HTTP/2 support enabled                                       [31m|[0m
[31m+-----------------------------------------------------------------------------------------------------------+[0m
[32mINFO[0m : daphne.server server server.py 117 run 1 [33mHTTP/2 support enabled[0m


[31m+-----------------------------------------------------------------------------------------------------------+
[31m|[0m[32mINFO[0m :                         Configuring endpoint tcp:port=9000:interface=0.0.0.0                        [31m|[0m
[31m+-----------------------------------------------------------------------------------------------------------+[0m
[32mINFO[0m : daphne.server server server.py 128 run 1 [33mConfiguring endpoint tcp:port=9000:interface=0.0.0.0[0m


[31m+-----------------------------------------------------------------------------------------------------------+
[31m|[0m[32mINFO[0m :                                Listening on TCP address 0.0.0.0:9000                                [31m|[0m
[31m+-----------------------------------------------------------------------------------------------------------+[0m
[32mINFO[0m : daphne.server server server.py 159 listen_success 1 [33mListening on TCP address 0.0.0.0:9000[0m


[31m+-----------------------------------------------------------------------------------------------------------+
[31m|[0m[32mINFO[0m :                                Killed 0 pending application instances                               [31m|[0m
[31m+-----------------------------------------------------------------------------------------------------------+[0m
[32mINFO[0m : daphne.server server server.py 321 kill_all_applications 1 [33mKilled 0 pending application instances[0m


[31m+-----------------------------------------------------------------------------------------------------------+
[31m|[0m[32mINFO[0m :                          Starting server at tcp:port=9000:interface=0.0.0.0                         [31m|[0m
[31m+-----------------------------------------------------------------------------------------------------------+[0m
[32mINFO[0m : daphne.cli cli cli.py 262 run 1 [33mStarting server at tcp:port=9000:interface=0.0.0.0[0m


[31m+-----------------------------------------------------------------------------------------------------------+
[31m|[0m[32mINFO[0m :                                        HTTP/2 support enabled                                       [31m|[0m
[31m+-----------------------------------------------------------------------------------------------------------+[0m
[32mINFO[0m : daphne.server server server.py 117 run 1 [33mHTTP/2 support enabled[0m


[31m+-----------------------------------------------------------------------------------------------------------+
[31m|[0m[32mINFO[0m :                         Configuring endpoint tcp:port=9000:interface=0.0.0.0                        [31m|[0m
[31m+-----------------------------------------------------------------------------------------------------------+[0m
[32mINFO[0m : daphne.server server server.py 128 run 1 [33mConfiguring endpoint tcp:port=9000:interface=0.0.0.0[0m


[31m+-----------------------------------------------------------------------------------------------------------+
[31m|[0m[32mINFO[0m :                                Listening on TCP address 0.0.0.0:9000                                [31m|[0m
[31m+-----------------------------------------------------------------------------------------------------------+[0m
[32mINFO[0m : daphne.server server server.py 159 listen_success 1 [33mListening on TCP address 0.0.0.0:9000[0m


[31m+-----------------------------------------------------------------------------------------------------------+
[31m|[0m[32mINFO[0m :                                Killed 0 pending application instances                               [31m|[0m
[31m+-----------------------------------------------------------------------------------------------------------+[0m
[32mINFO[0m : daphne.server server server.py 321 kill_all_applications 1 [33mKilled 0 pending application instances[0m


[31m+-----------------------------------------------------------------------------------------------------------+
[31m|[0m[32mINFO[0m : [33m                         Starting server at tcp:port=9000:interface=0.0.0.0                         [0m[31m|[0m
[31m+-----------------------------------------------------------------------------------------------------------+[0m
[32mINFO[0m : daphne.cli cli cli.py 262 run 1 [33mStarting server at tcp:port=9000:interface=0.0.0.0[0m


[31m+-----------------------------------------------------------------------------------------------------------+
[31m|[0m[32mINFO[0m : [33m                                       HTTP/2 support enabled                                       [0m[31m|[0m
[31m+-----------------------------------------------------------------------------------------------------------+[0m
[32mINFO[0m : daphne.server server server.py 117 run 1 [33mHTTP/2 support enabled[0m


[31m+-----------------------------------------------------------------------------------------------------------+
[31m|[0m[32mINFO[0m : [33m                        Configuring endpoint tcp:port=9000:interface=0.0.0.0                        [0m[31m|[0m
[31m+-----------------------------------------------------------------------------------------------------------+[0m
[32mINFO[0m : daphne.server server server.py 128 run 1 [33mConfiguring endpoint tcp:port=9000:interface=0.0.0.0[0m


[31m+-----------------------------------------------------------------------------------------------------------+
[31m|[0m[32mINFO[0m : [33m                               Listening on TCP address 0.0.0.0:9000                                [0m[31m|[0m
[31m+-----------------------------------------------------------------------------------------------------------+[0m
[32mINFO[0m : daphne.server server server.py 159 listen_success 1 [33mListening on TCP address 0.0.0.0:9000[0m


[31m+-----------------------------------------------------------------------------------------------------------+
[31m|[0m[32mINFO[0m : [33m                               Killed 0 pending application instances                               [0m[31m|[0m
[31m+-----------------------------------------------------------------------------------------------------------+[0m
[32mINFO[0m : daphne.server server server.py 321 kill_all_applications 1 [33mKilled 0 pending application instances[0m

